55:/home/permal/code/du-y-flight-core/external/du-libs/external/du-unit-testing/src/environment.lua
19 19 19 0 19 0 19 19 0 19 0 0 19 0 0 0 0 0 20 20 20 20 0 0 20 20 20 20 228 20 20 20 0 20 20 0 20 0 20 20 0 0 20 20 20 20 20 0 0 20 7 20 39 0 19 
44:/home/permal/code/du-y-flight-core/external/du-libs/external/du-unit-testing/src/mocks/ConstructMock.lua
0 0 0 0 0 0 0 0 19 19 0 19 0 19 0 19 19 0 0 19 28 10 0 0 18 0 18 19 18 0 0 18 5 23 0 18 3 21 0 18 18 19 0 19 
58:/home/permal/code/du-y-flight-core/external/du-libs/external/du-unit-testing/src/mocks/CoreMock.lua
0 0 0 0 0 0 0 0 0 0 19 19 0 19 0 19 19 19 19 19 0 0 19 7 3 0 0 4 0 4 0 4 0 4 0 4 0 4 0 4 0 4 0 4 0 4 0 4 0 4 0 4 0 4 4 19 0 19 
6:/home/permal/code/du-y-flight-core/external/du-libs/src/abstraction/Constants.lua
1 1 1 0 0 1 
182:/home/permal/code/du-y-flight-core/external/du-libs/src/abstraction/Engine.lua
1 1 1 1 1 1 1 1 1 1 1 1 1 0 1 1 1 1 1 1 0 0 0 0 1 0 0 0 0 1 0 0 0 0 1 0 1 1 1 1 0 0 0 0 0 0 0 0 0 0 0 0 0 0 1 0 0 0 0 0 1 1 1 0 0 0 1 1 0 0 0 1 0 1 0 0 1 0 1 0 1 0 0 0 0 0 1 0 0 0 0 0 0 0 0 0 0 0 0 0 0 0 0 0 0 0 0 0 0 0 0 0 0 0 0 0 0 0 0 0 0 0 0 0 0 0 0 0 0 0 0 0 0 0 0 0 0 0 0 0 0 0 0 0 0 0 0 0 0 0 0 0 1 0 1 0 1 0 1 0 1 0 1 0 1 0 1 0 1 0 1 0 1 0 1 0 1 0 1 1 0 1 
53:/home/permal/code/du-y-flight-core/external/du-libs/src/abstraction/EngineGroup.lua
1 1 0 0 6 6 6 6 6 0 6 0 18 12 12 0 0 0 6 1 0 0 1 0 12 12 12 13 0 0 1 0 1 0 1 0 1 0 1 0 1 0 0 2 0 1 1 0 0 6 1 0 1 
185:/home/permal/code/du-y-flight-core/external/du-libs/src/abstraction/Vehicle.lua
3 3 3 0 0 0 0 0 0 0 0 0 0 0 0 0 0 0 0 0 0 0 0 0 0 0 3 3 3 0 3 0 0 0 3 6 3 0 0 3 3 0 0 0 3 0 0 0 3 0 0 0 3 3 0 0 3 0 0 3 0 0 3 3 3 3 0 0 3 0 0 0 3 0 0 0 0 0 0 0 3 0 0 0 0 0 0 3 3 3 0 0 3 0 0 3 3 0 0 3 3 3 3 0 0 3 0 0 3 3 0 0 3 3 3 3 0 19 3 3 3 3 0 0 3 0 0 3 3 0 0 3 0 0 3 0 0 3 3 3 3 0 0 3 3 3 0 0 3 3 3 3 0 0 3 3 3 0 0 3 0 0 3 0 0 3 3 3 3 3 3 0 0 0 0 0 0 3 3 3 0 3 3 0 3 
1547:/home/permal/code/du-y-flight-core/external/du-libs/src/builtin/du_provided/atlas.lua
0 0 0 0 0 0 0 0 0 0 0 4 4 4 4 4 4 4 4 4 4 4 4 0 4 4 4 4 4 4 4 4 4 4 4 4 4 4 4 4 4 4 4 4 4 4 4 4 4 4 4 4 4 4 4 4 4 4 4 4 4 4 4 4 4 4 4 4 4 4 4 4 4 4 4 4 4 4 4 4 4 4 4 4 4 4 4 4 4 4 4 4 4 4 4 4 4 4 4 4 4 4 4 4 4 4 4 4 4 4 4 4 4 4 4 4 4 4 4 4 4 4 4 4 4 4 4 4 4 4 4 4 4 4 4 4 4 4 4 4 4 4 4 0 4 4 4 4 4 4 4 4 4 4 4 4 4 4 4 4 4 4 4 4 4 4 4 4 4 4 4 4 4 4 4 4 4 4 4 4 4 4 4 4 4 4 4 4 4 4 4 4 4 4 4 4 4 4 4 4 4 4 4 4 4 4 4 4 4 4 4 4 4 4 4 4 4 4 4 4 4 4 4 4 4 4 4 4 4 4 4 4 4 4 4 4 4 4 4 4 4 4 4 4 4 4 4 4 4 4 4 4 4 4 4 4 4 4 4 4 4 4 4 4 4 4 4 4 4 4 4 4 4 4 4 4 4 4 4 4 4 4 4 4 4 4 4 4 4 4 4 4 0 4 4 4 4 4 4 4 4 4 4 4 4 4 4 4 4 4 4 4 4 4 4 4 4 4 4 4 4 4 4 4 4 4 4 4 4 4 4 4 4 4 4 4 4 4 4 4 4 4 4 4 4 4 4 4 4 4 4 4 4 4 4 4 4 4 4 4 4 4 4 4 4 4 4 4 4 4 4 4 4 4 4 4 4 4 4 4 4 4 4 4 4 4 4 4 4 4 4 4 4 4 4 4 4 4 4 4 4 4 4 4 4 4 4 4 4 4 4 4 4 4 4 4 4 4 4 4 4 4 4 4 4 4 4 4 4 4 4 4 4 4 4 4 4 4 4 4 4 4 4 4 4 4 4 4 4 4 4 4 4 4 4 4 4 4 4 4 4 4 4 4 4 4 4 4 4 4 4 4 4 4 4 4 4 4 4 4 4 4 4 4 4 4 4 4 4 4 4 4 4 4 4 4 4 4 4 4 4 4 4 4 4 4 4 4 4 4 4 4 4 4 4 4 4 4 4 4 4 4 4 4 4 4 4 4 4 4 4 4 4 4 4 4 4 4 4 4 4 4 4 4 4 4 4 4 4 4 4 4 4 4 4 4 4 4 4 4 4 4 4 4 4 4 4 4 4 4 4 4 4 4 4 4 4 4 4 4 4 4 4 4 4 4 4 4 4 4 4 4 4 4 4 4 4 4 4 4 4 4 4 4 4 4 4 4 4 4 4 4 4 4 4 4 4 4 4 4 4 4 4 4 4 4 4 4 4 4 4 4 4 4 4 4 4 4 4 4 4 4 4 4 4 4 4 4 4 4 4 4 4 4 4 4 4 4 4 4 4 4 4 4 4 4 4 4 4 4 4 4 4 4 4 4 4 4 4 4 4 4 4 4 4 4 4 4 4 4 4 4 4 4 4 4 4 4 4 4 4 4 4 4 4 4 4 4 4 4 4 4 4 4 4 4 4 4 4 4 4 4 4 4 4 4 4 4 4 4 4 4 4 4 4 4 4 4 4 4 4 4 4 4 4 4 4 4 4 4 4 4 4 4 4 4 4 4 4 4 4 4 4 4 4 4 4 4 4 4 4 4 4 4 4 4 4 4 4 4 4 4 4 4 4 4 4 4 4 4 4 4 4 4 4 4 4 4 4 4 4 4 4 4 4 4 4 4 4 4 4 4 4 4 4 4 4 4 4 4 4 4 4 4 4 4 4 4 4 4 4 4 4 4 4 4 4 4 4 4 4 4 4 4 4 4 4 4 4 4 4 4 4 4 4 4 4 4 4 4 4 4 4 4 4 4 4 4 4 4 4 4 4 4 4 4 4 4 4 4 4 4 4 4 4 4 4 4 4 4 4 4 4 4 4 4 4 4 4 4 4 4 4 4 4 4 4 4 4 4 4 4 4 4 4 4 4 4 4 4 4 4 4 4 4 4 4 4 4 4 4 4 4 4 4 4 4 4 4 4 4 4 4 4 4 4 4 4 4 4 4 4 4 4 4 4 4 4 4 4 4 4 4 4 4 4 4 4 4 4 4 4 4 4 4 4 4 4 4 4 4 4 4 4 4 4 4 4 4 4 4 4 4 4 4 4 4 4 4 4 4 4 4 4 4 4 4 4 4 4 4 4 4 4 4 4 4 4 4 4 4 4 4 4 4 4 4 4 4 4 4 4 4 4 4 4 4 4 4 4 4 4 4 4 4 4 4 4 4 4 4 4 4 4 4 4 4 4 4 4 4 4 4 4 4 4 4 4 4 4 4 4 4 4 4 4 4 4 4 4 4 4 4 4 4 4 4 4 4 4 4 4 4 4 4 4 4 4 4 4 4 4 4 4 4 4 4 4 4 4 4 4 4 4 4 4 4 4 4 4 4 4 4 4 4 4 4 4 4 4 4 4 4 4 4 4 4 4 4 4 4 4 4 4 4 4 4 4 4 4 4 4 4 4 4 4 4 4 4 4 4 4 4 4 4 4 4 4 4 4 4 4 4 4 4 4 4 4 4 4 4 4 4 4 4 4 4 4 4 4 4 4 4 4 4 4 4 4 4 4 4 4 4 4 4 4 4 4 4 4 4 4 4 4 4 4 4 4 4 4 4 4 4 4 4 4 4 4 4 4 4 4 4 4 4 4 4 4 4 4 4 4 4 4 4 4 4 4 4 4 4 4 4 4 4 4 4 4 4 4 4 4 4 4 4 4 4 4 4 4 4 4 4 4 4 4 4 4 4 4 4 4 4 4 4 4 4 4 4 4 4 4 4 4 4 4 4 4 4 4 4 4 4 4 4 4 4 4 4 4 4 4 4 4 4 4 4 4 4 4 4 4 4 4 4 4 4 4 4 4 4 4 4 4 4 4 4 4 4 4 4 4 4 4 4 4 4 4 4 4 4 4 4 4 4 4 4 4 4 4 4 4 4 4 4 4 4 4 4 0 4 4 4 4 4 4 4 4 4 4 4 4 4 4 4 4 4 4 4 4 4 4 4 4 4 4 4 4 4 4 4 4 4 4 4 4 4 4 4 4 4 4 4 4 4 4 4 4 4 4 4 4 4 4 4 4 4 4 4 4 4 4 4 4 4 4 4 4 4 4 4 4 4 4 4 4 4 4 4 4 4 4 4 4 4 4 4 4 4 4 4 4 4 4 4 4 4 4 4 4 4 4 4 4 4 4 4 4 4 4 4 4 4 4 4 4 4 4 4 0 4 4 4 4 4 4 4 4 4 4 4 4 4 4 4 4 4 4 4 4 4 4 4 4 4 4 4 4 4 4 4 4 0 4 4 4 4 4 4 4 4 4 4 4 4 4 4 4 4 4 4 4 4 4 4 4 4 
37:/home/permal/code/du-y-flight-core/external/du-libs/src/builtin/du_provided/cpml/pid.lua
2 2 0 0 2 2 2 0 2 0 0 0 0 2 0 2 0 0 0 2 0 2 0 0 0 0 0 2 0 0 4 0 2 2 3 0 2 
124:/home/permal/code/du-y-flight-core/external/du-libs/src/builtin/du_provided/cpml/utils.lua
0 0 0 1 0 0 0 1 0 1 0 0 0 0 0 0 0 0 0 0 1 0 1 0 0 0 0 0 1 0 1 0 0 0 0 0 1 0 0 1 0 0 0 0 0 0 0 0 1 0 1 0 0 0 0 0 0 0 1 0 1 0 0 0 0 0 0 0 1 0 0 1 0 0 0 0 0 0 0 1 0 0 1 0 0 0 0 0 1 0 0 0 0 1 0 0 0 0 0 0 1 0 0 0 1 0 0 1 0 1 0 0 0 1 0 0 0 0 0 0 0 1 0 1 
122:/home/permal/code/du-y-flight-core/external/du-libs/src/commandline/Command.lua
1 1 1 1 0 0 0 0 0 0 0 0 0 0 0 0 0 0 0 1 1 0 1 0 0 0 0 0 0 0 0 0 0 0 0 0 0 0 0 0 0 0 0 0 0 0 0 0 0 0 0 0 0 0 0 0 0 0 0 0 0 0 0 0 0 0 0 0 0 0 0 0 0 0 0 0 0 0 0 0 0 0 0 0 0 0 0 0 0 0 0 0 0 0 0 0 0 0 0 0 0 0 0 0 0 0 0 0 0 0 0 0 0 0 0 0 0 0 0 1 0 1 
90:/home/permal/code/du-y-flight-core/external/du-libs/src/commandline/CommandLine.lua
1 1 1 0 0 0 0 0 0 0 0 0 1 1 1 0 0 0 1 1 0 0 0 1 1 0 0 0 0 0 1 0 0 0 1 0 0 1 0 1 0 0 0 0 0 0 0 0 0 0 0 0 0 0 0 0 0 0 0 0 0 0 0 0 0 0 0 0 1 0 0 0 1 0 1 0 0 0 0 1 0 1 0 1 0 1 1 1 0 1 
121:/home/permal/code/du-y-flight-core/external/du-libs/src/commandline/Option.lua
1 1 0 0 0 0 0 0 0 0 0 0 0 1 1 0 0 0 0 1 0 0 0 0 0 0 0 0 0 0 0 0 0 0 0 0 0 0 0 0 0 0 0 0 0 0 0 0 0 0 0 0 0 0 0 0 0 0 0 0 0 0 0 0 0 0 0 0 0 0 0 0 0 0 0 0 0 0 0 0 0 0 0 0 0 0 0 0 0 0 0 0 0 0 0 0 0 0 0 0 0 0 0 0 0 0 0 0 0 0 0 0 0 0 0 0 0 0 1 0 1 
46:/home/permal/code/du-y-flight-core/external/du-libs/src/commandline/Types.lua
1 0 0 0 0 1 1 1 1 1 0 0 0 0 0 0 1 0 0 0 0 0 0 0 0 0 0 0 0 0 0 0 0 0 0 0 0 0 0 0 0 0 0 1 0 1 
47:/home/permal/code/du-y-flight-core/external/du-libs/src/debug/Checks.lua
4 0 4 0 0 1664 1664 4 0 4 0 4 0 4 658 662 0 4 336 168 172 0 4 4 8 0 4 0 4 0 4 0 4 0 4 2 6 0 4 0 4 0 4 0 4 0 4 
117:/home/permal/code/du-y-flight-core/external/du-libs/src/debug/Log.lua
6 6 6 0 6 6 0 0 6 6 6 6 6 6 6 0 0 6 6 0 6 6 0 0 99 0 99 7 92 92 0 0 0 0 0 6 0 0 99 99 0 337 238 0 238 0 0 238 0 0 238 0 238 238 0 0 0 0 0 0 0 0 0 0 0 0 0 0 0 0 238 0 0 99 6 0 6 123 99 0 129 0 6 0 6 0 6 92 98 0 6 0 6 0 6 7 13 0 6 24 30 0 6 0 12 0 6 6 0 0 16 6 0 16 6 0 6 
46:/home/permal/code/du-y-flight-core/external/du-libs/src/debug/NumberShape.lua
1 0 1 1 0 1 0 0 0 0 0 0 1 0 1 0 0 0 0 0 1 0 0 0 0 0 0 0 0 0 0 0 0 0 1 0 2 0 1 1 0 0 0 1 0 1 
32:/home/permal/code/du-y-flight-core/external/du-libs/src/debug/TypeComp.lua
6 6 0 6 176 6 0 6 832 6 0 6 238 6 0 6 172 6 0 6 0 6 0 6 4 6 0 6 2 6 0 6 
48:/home/permal/code/du-y-flight-core/external/du-libs/src/debug/Visual.lua
1 0 1 1 0 0 1 1 0 1 1 0 0 0 0 1 0 0 0 0 0 0 1 0 1 0 0 0 0 0 1 0 1 0 2 0 1 1 0 0 1 1 0 0 1 1 0 1 
107:/home/permal/code/du-y-flight-core/external/du-libs/src/input/Criteria.lua
1 0 0 0 0 0 0 0 0 0 0 1 1 0 1 0 0 0 0 0 0 0 0 0 0 0 0 0 0 0 0 0 0 0 0 0 0 0 0 0 0 0 0 0 0 0 0 0 0 0 0 0 0 0 0 0 0 0 0 0 0 0 0 0 0 0 0 0 0 0 0 0 0 0 0 0 0 0 0 0 0 0 0 0 0 0 0 0 0 0 0 0 0 0 0 0 0 0 0 0 0 0 0 0 1 0 1 
125:/home/permal/code/du-y-flight-core/external/du-libs/src/input/Input.lua
1 1 0 0 0 0 0 0 0 0 0 0 0 0 0 1 1 1 0 0 0 1 1 0 0 0 1 1 1 1 1 0 0 0 0 0 1 0 0 0 0 0 0 0 0 0 0 0 0 0 0 1 0 0 0 1 0 0 0 1 0 0 0 1 0 0 0 1 0 0 0 0 1 0 1 0 0 0 0 0 1 0 0 0 0 0 0 0 0 1 0 0 1 0 1 0 0 0 1 0 1 0 0 0 1 0 1 0 0 0 1 0 1 0 1 0 1 1 1 1 0 1 1 0 1 
50:/home/permal/code/du-y-flight-core/external/du-libs/src/input/Keys.lua
0 1 1 0 1 1 1 1 1 1 1 1 1 1 1 1 1 1 1 1 1 1 1 1 1 1 1 1 1 1 1 1 1 1 1 0 0 0 0 1 0 0 0 0 0 0 0 1 0 1 
493:/home/permal/code/du-y-flight-core/external/du-libs/src/math/Vec3.lua
0 0 0 9 9 9 9 0 0 0 0 0 0 0 0 0 0 0 0 0 0 0 0 0 0 0 0 0 0 0 0 0 0 0 0 0 0 0 0 0 0 0 0 0 0 0 0 0 0 0 0 0 0 0 0 0 0 0 9 9 0 0 0 0 0 0 0 0 9 1869 0 1869 1530 1530 1530 0 339 235 0 104 0 0 0 0 104 104 104 0 0 1869 9 0 0 9 9 9 9 0 0 0 0 9 0 9 0 0 0 0 0 9 204 102 102 102 0 9 0 0 0 0 0 0 9 2558 1279 1279 1279 0 9 0 0 0 0 0 0 9 0 0 0 0 0 9 0 0 0 0 0 0 9 0 0 0 0 0 9 0 0 0 0 9 2 0 0 2 9 0 0 0 0 9 0 0 0 0 0 9 0 0 0 0 9 0 0 0 0 0 9 0 0 0 0 0 9 0 9 0 0 0 0 0 9 0 9 0 0 0 0 0 0 0 0 9 0 0 0 0 0 9 0 0 0 0 0 9 224 9 0 0 0 0 9 1114 9 0 0 0 0 9 45 9 0 0 0 0 0 9 0 0 0 0 9 0 0 0 0 0 9 0 0 0 0 9 0 0 0 0 0 9 6 9 0 0 0 0 0 9 6 6 6 6 9 0 0 0 0 0 0 9 0 0 0 0 0 0 0 0 0 0 0 0 0 0 0 0 0 0 9 0 0 0 0 9 0 9 0 0 0 0 0 0 9 0 9 0 0 0 0 0 0 9 6 9 0 0 0 0 0 9 0 9 0 0 0 0 0 9 0 9 0 0 0 0 9 0 9 0 0 0 0 9 0 9 0 0 0 0 9 0 9 0 0 0 0 0 9 0 0 9 0 0 0 0 0 9 0 0 0 9 0 0 0 0 0 9 0 9 0 0 0 0 9 14 10 10 14 9 0 0 0 0 9 2 9 0 0 0 0 9 0 9 0 9 0 9 0 0 0 0 9 0 9 0 0 0 0 0 9 3 0 0 3 9 0 0 0 0 0 9 102 9 0 0 0 0 0 9 1279 9 0 0 0 0 0 9 4 4 4 0 0 0 0 0 4 0 0 0 0 4 9 0 0 0 0 0 9 0 0 0 0 0 9 0 9 
134:/home/permal/code/du-y-flight-core/external/du-libs/src/storage/BufferedDB.lua
2 2 2 2 0 0 0 0 0 0 0 0 0 0 2 2 0 0 0 0 2 2 0 0 0 2 0 2 2 2 2 2 0 0 1 0 999 0 0 0 0 0 0 0 0 0 0 999 0 2 0 0 2 1 0 0 0 4 1 1 0 0 0 0 0 0 0 0 0 0 4 0 2 3 0 2 0 0 0 0 0 0 0 2 0 0 0 2 2 2 0 0 0 2 999 2 0 0 0 0 0 2 103 0 0 0 103 103 99 0 4 0 2 0 0 0 0 2 35 0 0 0 35 35 37 0 2 0 2 0 2 2 0 2 
79:/home/permal/code/du-y-flight-core/external/du-libs/src/storage/DBStoredData.lua
2 0 0 701 194 0 0 507 0 1173 666 0 666 0 0 666 0 0 666 0 0 0 0 507 2 0 0 0 0 0 0 2 2 0 2 35 35 35 0 0 0 35 35 35 35 0 0 35 0 0 0 0 0 0 0 35 0 35 2 0 0 0 0 2 0 0 0 0 0 0 0 0 0 0 0 0 2 0 2 
130:/home/permal/code/du-y-flight-core/external/du-libs/src/system/CoRunner.lua
1 1 0 1 1 0 0 0 0 0 0 0 0 0 0 0 0 0 0 1 0 1 0 0 0 0 0 0 0 0 0 0 0 1 0 0 0 0 0 0 1 1 1 0 1 0 1 1 1 1 0 0 1 0 0 1 0 0 0 0 0 0 0 0 0 0 0 0 0 0 0 0 1 0 0 1 0 0 0 0 0 0 0 0 0 0 0 1 0 1 1 1 1 2 0 0 1 0 0 0 1 0 0 1 0 0 0 0 0 0 0 0 0 0 0 0 0 0 1 0 1 0 2 0 1 0 1 1 0 1 
66:/home/permal/code/du-y-flight-core/external/du-libs/src/system/Stopwatch.lua
0 0 0 0 0 0 0 0 3 3 0 0 0 3 0 0 0 0 0 0 0 0 0 0 0 0 0 0 0 0 0 0 0 0 0 0 0 0 0 0 0 0 0 0 0 0 0 0 0 0 0 0 0 0 0 0 0 0 0 0 0 0 0 3 0 3 
175:/home/permal/code/du-y-flight-core/external/du-libs/src/system/Task.lua
3 3 3 0 0 3 3 3 3 0 0 0 0 0 0 0 0 0 0 0 0 0 0 0 0 0 3 3 0 0 0 0 0 0 0 3 1 1 1 0 0 1 0 0 2 3 0 1 0 1 1 1 0 0 0 2000 0 2000 0 1 1 0 0 0 0 0 0 2000 1 0 1 1000 1000 1000 1000 0 0 1000 1000 1000 0 0 0 0 1 0 0 0 0 0 1 1 1 1 0 0 0 1 1 0 0 0 1 1 1 0 0 0 1 0 0 0 0 0 0 1 0 0 0 1 0 1 0 0 0 1 0 1 0 0 0 1 0 1 0 0 0 1 0 1 0 0 0 1 0 1 0 1 1 0 1 0 1 3 0 3 0 3 0 0 0 0 3 0 0 0 0 0 0 0 0 0 3 0 3 
59:/home/permal/code/du-y-flight-core/external/du-libs/src/system/Taskmanager.lua
0 0 0 0 0 0 0 0 3 3 3 0 3 4 1 0 0 3 3 0 3 1 0 0 0 1 4 0 3 0 3 0 0 2000 1000 1000 0 0 0 0 0 0 0 0 0 0 0 0 0 1003 0 3 0 3 0 3 3 0 3 
51:/home/permal/code/du-y-flight-core/external/du-libs/src/system/Timer.lua
0 0 0 0 2 2 0 2 0 0 0 2 1 0 0 0 1 1 0 1 1 0 1 1 2 0 1 2 1 1 0 3 0 0 0 0 0 0 0 1 0 0 2 0 1 0 1 1 2 0 2 
19:/home/permal/code/du-y-flight-core/external/du-libs/src/system/locale.lua
0 4 4 4 0 4 0 0 0 4 208 208 208 208 0 0 0 0 8 
113:/home/permal/code/du-y-flight-core/external/du-libs/src/universe/Body.lua
0 0 4 4 4 4 0 4 0 0 0 0 0 0 0 0 0 0 0 0 0 0 0 0 0 0 0 4 4 0 4 208 208 0 208 0 208 0 208 208 208 208 208 208 208 208 208 208 208 208 208 208 208 208 208 208 208 208 208 208 208 0 0 208 0 208 0 0 0 0 208 0 208 0 0 0 208 0 0 0 0 0 0 0 208 0 0 0 0 208 0 208 0 0 0 0 208 0 208 0 0 0 0 208 0 0 0 208 0 208 4 0 4 
90:/home/permal/code/du-y-flight-core/external/du-libs/src/universe/Galaxy.lua
0 0 4 4 4 4 0 0 0 0 0 0 0 0 4 4 0 0 0 0 0 4 4 0 4 4 0 0 4 0 4 0 212 208 0 0 4 98 4 0 0 0 0 4 20 20 0 0 1060 1040 1040 49 49 0 0 0 20 4 0 0 0 0 4 2 0 2 0 0 0 2 0 106 0 104 104 0 104 2 0 0 0 2 0 2 4 0 4 4 0 4 
71:/home/permal/code/du-y-flight-core/external/du-libs/src/universe/Position.lua
0 0 4 4 0 0 0 0 0 0 4 4 0 0 0 0 0 0 4 117 117 117 0 117 117 117 117 0 0 117 29 117 0 0 0 117 73 117 0 117 29 0 0 29 29 0 29 0 0 29 0 29 29 0 0 29 18 18 0 0 58 58 0 0 0 117 0 117 4 0 4 
142:/home/permal/code/du-y-flight-core/external/du-libs/src/universe/Universe.lua
0 4 4 4 4 4 4 4 0 4 4 4 4 0 0 0 0 0 0 0 0 0 4 4 0 4 0 4 8 4 0 0 4 4 0 4 0 4 4 0 8 4 0 0 0 0 4 36 4 0 0 0 4 36 4 0 0 0 0 4 103 103 0 103 102 102 0 0 0 0 0 0 102 4 4 4 4 4 4 0 0 0 0 0 0 98 98 98 0 98 98 196 98 98 0 98 0 0 0 1 0 1 4 0 0 0 0 4 15 15 15 15 4 0 0 0 0 4 16 0 16 16 4 0 0 0 4 0 0 0 0 0 0 0 0 4 0 4 4 4 0 4 
321:/home/permal/code/du-y-flight-core/external/du-libs/src/util/Calc.lua
8 0 8 0 8 8 8 8 8 8 0 8 0 0 0 0 0 0 0 0 8 0 0 0 0 8 0 0 0 0 6 2 4 3 0 1 0 8 0 0 0 0 0 0 0 0 0 0 0 0 8 0 0 0 8 0 0 0 0 0 0 8 0 0 0 0 0 8 0 0 0 0 0 0 0 0 0 0 0 0 0 0 0 0 0 0 0 0 8 0 0 0 0 0 0 0 0 0 8 0 0 0 0 0 0 8 0 0 0 0 0 8 0 0 0 0 0 8 0 0 0 0 0 0 0 4 8 0 0 0 0 0 0 0 0 0 0 0 0 0 8 0 0 0 0 0 0 0 16 16 0 16 0 16 0 16 0 0 0 0 16 0 16 11 5 4 0 1 0 8 0 0 0 0 0 0 0 0 104 104 104 0 0 0 104 48 0 0 56 0 0 56 54 0 0 0 2 2 0 0 2 8 0 0 0 0 0 0 8 0 0 0 0 0 0 0 0 8 0 0 0 0 0 0 0 0 7 1 0 0 6 8 0 0 0 0 0 0 0 0 0 8 0 0 0 0 0 0 0 0 0 0 0 0 0 0 0 0 0 8 0 0 0 0 0 0 0 0 0 0 0 0 8 0 0 0 0 0 0 0 0 0 0 0 0 0 8 0 0 0 0 0 0 0 0 0 0 0 0 8 0 0 0 0 0 0 0 0 0 0 0 0 0 0 0 0 0 0 8 0 8 
16:/home/permal/code/du-y-flight-core/external/du-libs/src/util/DistanceFormat.lua
1 1 0 0 0 1 0 0 0 0 0 0 0 1 0 1 
15:/home/permal/code/du-y-flight-core/external/du-libs/src/util/MassFormat.lua
1 1 0 0 1 0 0 0 0 0 0 0 1 0 1 
39:/home/permal/code/du-y-flight-core/external/du-libs/src/util/Pagination.lua
2 2 0 0 0 0 0 0 0 2 4 0 4 4 0 4 4 0 4 4 0 24 20 20 0 0 4 2 0 0 0 0 0 0 2 1 2 0 2 
111:/home/permal/code/du-y-flight-core/external/du-libs/src/util/PubSub.lua
0 0 0 0 0 0 0 0 0 0 0 0 0 0 2 2 2 0 0 0 2 5 3 0 0 2 2 2 2 2 2 0 0 0 0 0 0 0 0 0 0 0 0 0 2 0 0 0 2 0 0 0 0 0 0 0 0 0 0 0 2 0 0 0 0 2 0 2 0 0 0 0 2 0 2 0 0 0 0 2 0 2 0 0 0 0 2 0 2 0 0 0 0 2 0 0 0 0 0 0 0 0 0 0 2 0 2 2 2 0 2 
19:/home/permal/code/du-y-flight-core/external/du-libs/src/util/Ray.lua
1 0 0 0 0 0 0 1 1 1 2 2 2 0 0 2 1 0 1 
127:/home/permal/code/du-y-flight-core/external/du-libs/src/util/StringUtil.lua
2 0 2 0 0 0 0 0 0 0 0 0 0 0 0 0 0 0 0 0 0 0 2 0 2 0 0 2 0 2 0 2 0 2 0 0 0 0 0 2 0 2 0 0 0 0 0 0 0 0 0 0 2 0 2 0 2 0 0 0 0 2 0 0 0 0 0 0 0 0 0 0 0 0 0 0 0 0 0 0 0 0 0 0 0 0 0 0 0 0 0 0 0 0 0 0 0 0 0 0 0 0 0 2 0 0 0 0 2 0 2 0 2 0 2 0 0 0 2 0 0 0 0 0 2 0 2 
33:/home/permal/code/du-y-flight-core/external/du-libs/src/util/Table.lua
0 0 0 0 19 0 88 69 0 0 19 8 0 0 0 0 4 0 8 4 4 0 12 0 0 0 0 0 0 0 0 0 8 
63:/home/permal/code/du-y-flight-core/external/du-libs/src/util/ValueTree.lua
0 0 0 0 0 0 1 1 0 0 0 1 0 0 0 0 0 0 0 0 0 0 0 0 0 0 0 0 0 0 0 0 0 0 0 0 0 0 0 0 0 0 0 0 0 0 0 0 0 0 0 0 0 0 0 0 0 0 0 0 1 0 1 
97:/home/permal/code/du-y-flight-core/external/du-render/src/Behaviour.lua
1 1 0 0 1 1 1 1 1 1 1 0 0 0 0 0 0 0 0 0 0 0 0 0 0 1 1 0 1 0 0 0 0 0 0 0 0 0 0 0 0 0 0 0 0 0 0 0 0 0 0 0 0 0 0 0 0 0 0 0 0 0 0 0 0 0 0 0 0 0 0 0 0 0 0 0 0 0 0 0 0 0 0 0 0 0 0 0 0 0 0 0 0 0 1 0 1 
196:/home/permal/code/du-y-flight-core/external/du-render/src/BindPath.lua
2 2 2 0 0 0 0 0 0 0 0 0 0 0 0 0 0 0 0 0 0 0 0 2 2 0 0 0 2 0 0 0 0 2 0 0 0 0 0 0 0 0 0 0 0 0 0 0 0 0 0 0 0 0 0 0 0 0 0 0 0 0 0 0 0 0 0 0 0 0 0 0 0 0 0 0 0 0 0 0 0 0 0 0 0 0 0 0 0 0 0 0 0 0 0 0 0 0 0 0 0 0 0 0 0 0 0 0 0 0 0 0 0 0 0 0 0 0 0 0 0 0 0 0 0 0 0 0 0 0 0 0 0 0 0 0 0 0 0 0 0 0 0 0 0 0 0 0 0 0 0 0 0 0 0 0 0 0 0 0 0 0 0 0 0 0 0 0 0 0 0 0 0 0 0 0 0 0 0 0 0 0 0 0 0 0 0 0 0 0 0 0 0 2 0 2 
19:/home/permal/code/du-y-flight-core/external/du-render/src/BindPathTree.lua
0 0 0 0 0 0 2 2 0 2 0 0 0 0 0 0 2 0 2 
313:/home/permal/code/du-y-flight-core/external/du-render/src/Binder.lua
2 2 2 2 2 0 0 0 0 0 0 0 0 0 0 0 0 2 2 2 0 2 2 0 0 0 2 0 0 0 0 0 0 0 0 0 0 0 0 0 0 0 0 0 0 0 0 0 0 0 0 0 0 0 0 0 0 0 0 0 0 0 0 0 0 0 0 0 0 0 0 0 0 0 0 0 0 0 0 0 0 0 0 0 0 0 0 0 0 0 0 0 0 0 0 0 0 0 0 0 0 0 0 0 0 0 0 0 0 0 0 0 0 0 0 0 0 0 0 0 0 0 0 0 0 0 0 0 0 0 0 0 0 0 0 0 0 0 0 0 0 0 0 0 0 0 0 0 0 0 0 0 0 0 0 0 0 0 0 0 0 0 0 0 0 0 0 0 0 0 0 0 0 0 0 0 0 0 0 0 0 0 0 0 0 0 0 0 0 0 0 0 0 0 0 0 0 0 0 0 0 0 0 0 0 0 0 0 0 0 0 0 0 0 0 0 0 0 0 0 0 0 0 0 0 0 0 0 0 0 0 0 0 0 0 0 0 0 0 0 0 0 0 0 0 0 0 0 0 2 0 0 0 0 0 0 0 2 0 0 0 0 0 0 0 0 0 0 0 0 0 0 0 0 0 0 0 0 0 0 2 0 0 0 0 0 2 0 0 0 2 0 0 0 0 0 2 0 0 0 2 0 0 0 0 0 2 0 0 0 2 0 2 
44:/home/permal/code/du-y-flight-core/external/du-render/src/BinderModifier.lua
0 0 0 0 0 0 0 0 2 2 0 0 0 0 0 2 0 0 0 0 0 0 0 0 2 0 0 0 0 2 0 0 0 0 0 0 0 0 0 0 0 2 0 2 
33:/home/permal/code/du-y-flight-core/external/du-render/src/DeepCopy.lua
0 0 0 0 0 0 0 0 0 0 0 0 0 0 0 0 0 0 0 0 0 0 1 0 0 0 0 0 1 0 1 0 1 
488:/home/permal/code/du-y-flight-core/external/du-render/src/Layout.lua
1 1 1 1 1 1 1 1 0 0 0 0 0 0 0 0 0 0 0 0 0 0 0 0 0 0 0 0 0 0 0 0 0 0 0 0 1 1 0 0 0 0 0 0 1 0 0 0 0 0 0 0 0 0 0 0 0 0 0 0 0 0 0 0 0 0 0 0 0 0 0 0 0 0 0 0 0 0 0 0 0 0 0 0 0 0 0 0 0 0 0 0 0 0 0 0 0 0 0 0 0 0 0 0 0 0 0 0 0 0 0 0 0 0 0 0 0 0 0 0 0 0 0 0 0 0 0 0 0 0 0 0 0 0 0 0 0 0 0 0 0 0 0 0 0 0 0 0 0 0 0 0 0 0 0 0 0 0 0 0 0 0 0 0 0 0 0 0 0 0 0 0 0 0 0 0 0 0 0 0 0 0 0 0 0 0 0 0 0 0 0 0 0 0 0 0 0 0 0 0 0 0 0 0 0 0 0 0 0 0 0 0 0 0 0 0 0 0 0 0 0 0 0 0 0 0 0 0 0 0 0 0 0 0 0 0 0 0 0 0 0 0 0 0 0 0 0 0 0 0 0 0 0 0 0 0 0 0 0 0 0 0 0 0 0 0 0 0 0 0 0 0 0 0 0 0 0 0 0 0 0 0 0 0 0 0 0 0 0 0 0 0 0 0 0 0 0 0 0 0 0 0 0 0 0 0 0 0 0 0 0 0 0 0 0 0 0 0 0 0 0 0 0 0 0 0 0 0 0 0 0 0 0 0 0 0 0 0 0 0 0 0 0 0 0 0 0 0 0 0 0 0 0 0 0 0 0 0 0 0 0 0 0 0 0 0 0 0 0 0 0 0 0 0 0 0 0 0 0 0 0 0 0 0 0 0 0 0 0 0 0 0 0 0 0 0 0 0 0 0 0 0 0 0 0 0 0 0 0 0 0 0 0 0 0 0 0 0 0 0 0 0 0 0 0 0 0 0 0 0 0 0 0 0 0 0 0 0 0 0 0 0 0 0 0 0 0 0 0 0 0 0 0 0 0 0 0 0 0 0 0 0 0 0 0 0 0 0 0 0 0 0 0 0 0 0 0 0 0 0 0 0 0 0 0 1 0 1 
101:/home/permal/code/du-y-flight-core/external/du-render/src/Serializer.lua
1 0 1 1 0 0 0 0 0 0 0 0 0 0 0 0 0 0 0 0 0 0 0 0 0 0 0 0 0 0 0 0 0 0 0 0 0 0 0 0 0 0 0 0 0 0 0 0 0 0 0 0 0 0 0 0 0 0 0 0 0 0 0 0 1 0 0 0 0 0 0 0 0 0 0 0 0 0 0 0 0 0 0 1 0 0 0 0 0 1 0 1 0 0 0 0 1 0 1 0 1 
270:/home/permal/code/du-y-flight-core/external/du-render/src/Stream.lua
1 0 0 0 0 0 0 0 0 0 0 0 0 0 0 0 0 0 0 0 0 0 0 0 0 0 0 0 0 1 0 0 1 1 1 1 1 0 0 0 1 1 0 0 0 0 0 0 0 1 0 0 0 0 0 0 0 0 0 0 0 0 0 0 0 0 0 0 0 0 0 0 0 0 0 0 0 0 0 0 0 0 0 0 0 0 0 0 0 0 0 0 0 0 0 0 0 0 0 0 0 0 0 0 0 0 0 0 0 0 0 0 0 0 0 0 0 0 0 0 0 0 0 0 0 0 0 0 0 0 0 0 0 0 0 0 0 0 0 0 0 0 0 0 0 0 0 0 0 0 0 0 0 0 0 0 0 0 0 0 0 0 0 0 0 0 0 0 0 0 0 0 0 0 0 0 0 0 0 0 0 0 0 0 0 0 0 0 0 0 0 0 0 0 0 0 0 0 0 0 0 0 0 0 0 0 0 0 0 0 0 0 0 0 0 0 0 0 0 0 0 0 0 0 0 0 0 0 0 0 0 0 0 0 0 0 0 0 0 0 0 0 0 0 0 0 0 0 0 0 0 0 0 0 0 0 0 0 0 0 0 0 0 0 0 0 0 1 0 1 
42:/home/permal/code/du-y-flight-core/external/du-render/src/native/Bezier.lua
1 0 0 0 0 0 0 0 0 0 1 1 0 0 0 0 0 0 0 1 0 0 0 0 0 0 0 0 0 0 0 0 0 0 0 0 0 0 0 1 0 1 
61:/home/permal/code/du-y-flight-core/external/du-render/src/native/Box.lua
1 0 0 0 0 0 0 0 0 0 0 1 1 0 0 0 0 0 0 0 1 0 0 0 0 0 0 0 0 0 0 0 0 0 0 0 0 0 0 0 0 0 0 0 0 0 0 0 0 0 0 0 0 0 0 0 0 0 1 0 1 
47:/home/permal/code/du-y-flight-core/external/du-render/src/native/Circle.lua
1 0 0 0 0 0 0 0 0 0 0 1 1 0 0 0 0 0 0 1 0 0 0 0 0 0 0 0 0 0 0 0 0 0 0 0 0 0 0 0 0 0 0 0 1 0 1 
112:/home/permal/code/du-y-flight-core/external/du-render/src/native/Color.lua
4 4 4 0 0 0 4 0 0 0 0 0 4 0 0 0 0 0 0 0 0 0 0 0 4 4 0 0 0 0 0 0 0 4 0 0 0 0 0 0 0 0 0 0 0 0 0 0 0 0 0 0 0 0 0 0 0 0 0 0 4 0 0 0 0 4 0 4 0 0 0 0 4 0 0 0 0 4 0 0 0 4 0 4 0 0 0 0 4 0 0 0 0 0 0 0 0 0 0 0 0 0 0 0 0 0 0 4 0 4 0 4 
36:/home/permal/code/du-y-flight-core/external/du-render/src/native/ColorAndDistance.lua
2 0 0 0 0 0 0 0 0 2 2 0 0 0 0 2 0 0 0 0 0 0 0 0 0 0 0 0 2 0 0 2 0 2 0 2 
52:/home/permal/code/du-y-flight-core/external/du-render/src/native/Font.lua
1 1 0 0 0 1 1 1 1 1 1 1 1 1 1 1 1 1 1 0 0 0 0 0 1 1 0 1 0 0 0 0 0 1 0 0 0 0 0 0 0 0 1 0 0 1 0 0 0 1 0 1 
93:/home/permal/code/du-y-flight-core/external/du-render/src/native/Image.lua
1 1 0 0 0 0 0 0 0 0 0 0 0 0 0 0 0 0 0 0 0 0 1 1 0 0 0 0 0 0 0 0 1 0 0 0 0 0 0 0 0 0 0 0 0 0 0 0 0 0 0 0 0 0 0 0 0 0 0 0 0 0 0 0 0 0 0 0 0 0 0 0 0 0 0 0 0 0 0 0 0 0 0 0 0 0 0 0 0 0 1 0 1 
181:/home/permal/code/du-y-flight-core/external/du-render/src/native/Layer.lua
0 0 1 1 1 1 1 1 1 1 1 1 1 0 0 0 0 0 0 0 0 0 0 0 0 0 0 0 0 0 0 0 0 1 1 0 0 0 1 0 0 0 0 0 0 0 0 0 0 0 0 0 0 0 0 0 0 0 0 0 0 0 0 0 0 0 0 0 0 0 0 0 0 0 0 0 0 0 0 0 0 0 0 0 0 0 0 0 0 0 0 0 0 0 0 0 0 0 0 0 0 0 0 0 0 0 0 0 0 0 0 0 0 0 0 0 0 0 0 0 0 0 0 0 0 0 0 0 0 0 0 0 0 0 0 0 0 0 0 0 0 0 0 0 0 0 0 0 0 0 0 0 0 0 0 0 0 0 0 0 0 0 0 0 0 0 0 0 0 0 0 0 0 0 0 0 0 0 1 0 1 
38:/home/permal/code/du-y-flight-core/external/du-render/src/native/Line.lua
1 0 0 0 0 0 0 0 0 1 1 0 0 0 0 0 0 1 0 0 0 0 0 0 0 0 0 0 0 0 0 0 0 0 0 1 0 1 
36:/home/permal/code/du-y-flight-core/external/du-render/src/native/LoadedFont.lua
1 0 0 0 0 0 0 0 1 1 0 0 0 0 0 1 0 0 0 0 0 0 0 0 0 0 0 0 0 0 0 0 0 1 0 1 
131:/home/permal/code/du-y-flight-core/external/du-render/src/native/Props.lua
2 2 2 2 0 0 0 0 0 0 0 0 0 0 0 0 0 0 0 0 0 2 2 0 0 0 0 0 0 0 0 2 0 0 0 0 0 0 0 0 0 0 0 0 0 0 0 0 0 0 0 0 0 0 0 0 0 0 0 0 0 0 0 0 0 0 0 0 0 0 0 0 0 0 0 0 0 0 0 0 0 0 0 0 2 0 0 0 2 0 2 0 0 0 0 2 0 0 0 0 0 0 0 0 0 0 0 0 0 0 0 0 0 0 0 0 0 0 0 0 0 0 0 0 0 0 0 0 2 0 2 
47:/home/permal/code/du-y-flight-core/external/du-render/src/native/Quad.lua
1 0 0 0 0 0 0 0 0 0 0 1 1 0 0 0 0 0 0 0 0 1 0 0 0 0 0 0 0 0 0 0 0 0 0 0 0 0 0 0 0 0 0 0 1 0 1 
149:/home/permal/code/du-y-flight-core/external/du-render/src/native/RenderScript.lua
3 0 0 3 3 3 3 3 3 3 3 3 3 0 0 0 0 0 0 0 0 0 0 0 0 0 0 0 0 0 0 0 0 0 0 0 0 0 0 0 0 0 0 0 0 0 0 0 0 0 0 0 0 0 0 0 0 0 0 0 0 0 0 0 0 0 0 0 0 3 3 0 0 3 0 0 0 3 22 19 0 0 3 3 3 3 3 3 3 3 3 3 3 3 3 3 3 3 3 3 3 3 3 3 3 3 3 3 3 0 0 0 0 0 3 3 3 3 3 3 3 3 3 3 3 3 3 3 3 3 3 3 3 3 3 3 3 3 3 3 3 3 3 0 3 3 3 0 3 
179:/home/permal/code/du-y-flight-core/external/du-render/src/native/Screen.lua
1 1 1 1 0 0 0 0 0 0 0 0 0 0 0 0 0 0 0 0 1 1 0 0 0 1 0 0 0 0 0 0 0 0 0 0 0 0 0 0 0 0 0 0 0 0 0 0 0 0 0 0 0 0 0 0 0 0 0 0 0 0 0 0 0 0 0 0 0 0 0 0 0 0 0 0 0 0 0 0 0 0 0 0 0 0 0 0 0 0 0 0 0 0 0 0 0 0 0 0 0 0 0 0 0 0 0 0 0 0 0 0 0 0 0 0 0 0 0 0 0 0 0 0 0 0 0 0 0 0 0 0 0 0 0 0 0 0 0 0 0 0 0 0 0 0 0 0 0 0 0 0 0 0 0 0 0 0 0 0 0 0 0 0 0 0 0 0 0 0 0 0 0 0 0 0 1 0 1 
81:/home/permal/code/du-y-flight-core/external/du-render/src/native/Text.lua
1 1 0 0 0 0 0 0 0 0 0 0 0 0 0 0 0 0 0 0 1 1 0 0 0 0 0 0 0 0 1 0 0 0 0 0 0 0 0 0 0 0 0 0 0 0 0 0 0 0 0 0 0 0 0 0 0 0 0 0 0 0 0 0 0 0 0 0 0 0 0 0 0 0 0 0 0 0 1 0 1 
86:/home/permal/code/du-y-flight-core/external/du-render/src/native/TextAlign.lua
0 3 3 3 3 3 0 0 3 3 3 3 3 3 3 3 0 0 0 0 0 0 0 0 0 3 3 0 0 0 0 3 0 0 0 0 0 0 0 0 0 0 0 0 0 0 0 0 0 0 0 0 0 0 0 3 0 0 0 3 0 3 0 0 0 3 0 0 0 0 0 0 0 0 0 0 3 0 0 0 0 3 0 3 0 3 
60:/home/permal/code/du-y-flight-core/external/du-render/src/native/Triangle.lua
1 0 0 0 0 0 0 0 0 0 0 0 1 1 0 0 0 0 0 0 0 1 0 0 0 0 0 0 0 0 0 0 0 0 0 0 0 0 0 0 0 0 0 0 0 0 0 0 0 0 0 0 0 0 0 0 0 1 0 1 
437:/home/permal/code/du-y-flight-core/external/du-render/src/native/Vec2.lua
0 0 0 4 4 4 4 4 0 0 0 0 0 0 0 0 0 0 0 0 0 0 0 0 0 0 0 0 0 0 0 0 0 0 0 0 0 0 0 0 0 0 0 0 0 0 0 0 0 0 0 0 0 4 4 0 0 0 0 0 4 12 0 12 12 12 0 0 0 0 0 0 0 0 0 0 0 12 4 0 4 4 4 0 0 0 0 0 4 0 4 0 0 0 0 4 0 4 0 0 0 0 0 4 0 0 0 0 4 0 0 0 0 0 0 0 4 0 0 0 0 4 0 0 0 0 0 0 4 0 0 0 0 4 0 0 0 0 0 0 4 0 0 0 0 4 0 0 0 0 4 0 0 0 0 4 0 0 0 0 0 4 0 4 0 0 0 0 0 0 0 4 0 4 0 0 0 0 0 4 0 4 0 0 0 0 4 0 4 0 0 0 0 4 0 4 0 0 0 0 0 4 0 0 0 4 0 0 0 0 0 4 0 0 0 4 0 0 0 0 0 4 0 0 0 0 4 0 0 0 0 0 4 0 0 0 0 0 0 4 0 0 0 0 4 0 4 0 0 0 0 0 0 4 0 0 0 0 0 0 0 0 0 0 0 0 4 0 0 0 0 0 0 4 0 4 0 0 0 0 0 4 0 4 0 0 0 0 0 4 0 4 0 0 0 0 0 4 0 4 0 0 0 0 4 0 0 0 4 0 0 0 0 4 0 4 0 0 0 0 0 4 0 0 0 0 4 0 0 0 0 4 0 4 0 0 0 0 4 0 4 0 0 0 0 4 0 4 0 0 0 0 4 0 4 0 4 0 4 0 0 0 0 4 0 4 0 0 0 0 0 4 0 0 0 0 4 0 0 0 0 0 4 0 4 0 0 0 0 0 4 0 4 0 0 0 0 0 4 0 0 0 0 0 0 0 4 0 0 0 0 0 4 0 0 0 0 0 0 4 0 0 0 0 4 0 0 0 0 0 0 0 0 0 4 0 4 
83:external/du-libs/external/du-unit-testing/src/environment_spec.lua
1 0 1 1 0 1 1 1 0 0 1 3 4 0 1 2 1 0 1 1 0 2 1 0 2 1 0 0 1 0 0 1 0 1 1 0 1 1 0 0 1 1 1 2 2 0 2 1 0 2 1 0 2 1 2 0 1 1 2 0 2 2 0 0 0 0 0 0 0 0 0 0 0 0 0 0 0 0 0 0 1 2 3 
188:external/du-libs/src/commandline/CommandLine_spec.lua
1 1 1 0 0 0 1 0 2 2 0 0 0 0 0 0 0 0 0 0 1 0 2 0 0 0 0 0 0 1 0 2 0 0 0 0 0 0 0 0 0 0 0 0 0 0 0 0 0 0 0 1 0 2 0 0 0 0 0 0 0 0 0 1 0 2 0 0 0 0 0 0 0 0 0 0 1 0 2 0 0 0 0 0 0 0 0 0 0 1 0 2 0 0 0 0 0 0 0 0 0 0 0 0 0 0 0 0 0 0 1 0 2 0 0 0 0 0 0 0 0 0 0 0 0 0 0 0 0 0 0 0 0 0 0 0 0 0 0 0 0 1 0 2 0 0 0 0 0 0 0 0 0 0 0 0 0 1 0 2 0 0 0 0 0 0 0 0 0 0 0 0 0 1 0 2 0 0 0 0 0 0 0 0 0 0 1 3 
87:external/du-libs/src/input/Input_spec.lua
1 1 1 1 1 0 0 0 0 1 0 0 0 0 1 0 0 0 0 1 0 2 2 0 1 0 2 0 0 0 0 0 0 0 0 0 0 0 0 0 0 0 1 0 2 0 0 0 0 0 0 0 0 0 0 1 0 2 0 0 0 0 0 0 0 0 0 0 0 0 1 0 2 0 0 0 0 0 0 0 0 0 0 0 0 1 3 
57:external/du-libs/src/math/Vec3_spec.lua
1 0 2 2 0 0 0 0 1 0 2 0 0 1 0 2 0 1 0 2 0 0 0 0 0 1 0 2 0 0 1 0 2 0 0 1 0 2 0 0 1 0 2 0 0 0 0 0 0 0 0 0 0 0 0 1 3 
130:external/du-libs/src/storage/BufferedDB_spec.lua
1 1 1 1 0 0 0 0 0 1 0 2 1 1 0 1 1 0 1 1 1 11 10 10 10 0 0 1 1 1 1 1 0 1 0 1 0 2 0 0 0 0 0 0 0 0 0 0 0 0 0 0 0 0 0 0 0 0 1 0 2 0 0 0 0 0 0 0 0 0 0 0 0 0 0 0 0 0 0 0 0 1 0 2 0 0 0 0 0 0 0 1 0 2 0 0 0 0 0 0 0 1 0 2 0 0 0 0 0 1 0 2 0 0 0 0 0 0 1 0 2 0 0 0 1 0 2 0 1 3 
66:external/du-libs/src/system/CoRunner_spec.lua
1 1 0 0 0 0 0 1 0 2 1 0 2 1 2 0 2 1 2 0 2 0 0 0 0 0 0 0 0 0 0 0 0 0 0 0 0 0 0 0 0 0 0 0 0 0 0 1 0 2 0 0 0 0 0 0 0 0 0 0 0 0 0 0 1 3 
27:external/du-libs/src/system/Stopwatch_spec.lua
1 1 0 2 1 2 0 0 0 0 0 0 0 0 0 0 0 0 0 0 0 0 0 0 0 1 3 
179:external/du-libs/src/system/Task_spec.lua
1 1 1 0 0 0 0 0 1 0 0 0 0 0 0 0 0 0 0 0 0 0 0 1 0 2 2 0 0 0 0 1 0 2 0 0 0 0 0 0 0 0 0 0 0 0 0 0 0 0 0 0 0 0 0 0 0 0 1 0 2 0 0 0 0 0 0 0 0 0 0 1 0 2 0 0 0 0 0 0 0 0 0 0 0 0 0 0 1 0 2 0 0 0 0 0 0 0 0 0 0 0 0 0 0 0 0 0 0 0 1 0 2 0 0 0 0 0 0 0 0 0 0 0 0 0 0 0 0 0 0 0 0 1 0 2 0 0 0 0 0 0 0 0 0 0 0 0 0 0 0 1 0 2 0 0 0 0 0 0 0 0 0 0 0 0 0 0 0 0 0 0 0 0 0 0 1 0 3 
37:external/du-libs/src/system/Timer_spec.lua
1 0 2 1 0 2 0 0 0 0 0 0 0 0 0 0 0 0 0 1 0 2 0 1 0 2 0 0 0 0 0 0 0 0 0 1 3 
141:external/du-libs/src/universe/universe_spec.lua
0 1 1 1 1 1 1 1 0 1 1 1 1 1 1 1 1 1 0 2 2 0 1 2 0 2 2 0 0 0 0 0 1 0 2 0 0 0 0 0 0 0 0 0 0 0 0 1 0 2 0 1 0 2 0 0 0 1 2 0 2 2 0 0 0 0 0 1 0 2 0 0 0 0 0 1 0 2 0 0 0 0 0 0 0 0 1 2 0 2 1 1 0 1 1 1 1 1 1 0 1 1 1 1 1 2 0 2 2 0 0 0 0 0 0 0 0 0 0 0 0 1 2 0 2 2 0 0 0 0 0 0 0 0 0 0 0 0 0 1 3 
14:external/du-libs/src/util/Calc_spec.lua
1 1 0 1 0 2 0 2 0 0 0 0 1 3 
41:external/du-libs/src/util/DistanceFormat_spec.lua
1 0 2 2 0 0 0 1 0 0 2 0 0 0 0 0 0 0 0 0 0 0 1 0 0 2 0 0 0 0 0 0 0 0 0 0 0 0 0 1 3 
39:external/du-libs/src/util/MassFormat_spec.lua
1 0 2 2 0 0 0 1 0 2 0 0 0 0 0 0 0 0 0 0 0 1 0 0 2 0 0 0 0 0 0 0 0 0 0 0 0 1 3 
87:external/du-libs/src/util/PubSub_spec.lua
1 1 1 0 2 2 0 0 0 0 0 0 0 0 0 0 0 0 0 0 0 0 0 0 0 0 0 0 0 0 0 0 0 0 0 0 0 0 0 0 0 0 0 0 0 0 0 0 0 0 0 0 0 0 0 0 0 0 0 0 0 0 0 0 0 0 0 0 0 1 0 2 0 0 0 0 0 0 0 0 0 0 0 0 0 1 3 
8:external/du-libs/src/util/StringUtil_spec.lua
1 0 2 2 0 0 1 3 
20:external/du-libs/src/util/Table_spec.lua
1 0 2 2 0 0 0 0 0 0 1 0 2 0 0 0 0 0 1 3 
47:external/du-libs/src/util/ValueTree_spec.lua
1 1 0 2 2 0 0 1 0 2 0 0 0 0 0 0 0 0 0 1 0 2 0 0 0 0 0 0 1 0 2 0 0 0 0 0 0 1 0 2 0 0 0 0 0 1 3 
83:external/du-render/external/du-unit-testing/src/environment_spec.lua
1 0 1 1 0 1 1 1 0 0 1 3 4 0 1 2 1 0 1 1 0 2 1 0 2 1 0 0 1 0 0 1 0 1 1 0 1 1 0 0 1 1 1 2 2 0 2 1 0 2 1 0 2 1 2 0 1 1 2 0 2 2 0 0 0 0 0 0 0 0 0 0 0 0 0 0 0 0 0 0 1 2 3 
326:external/du-render/src/Binder_spec.lua
1 0 1 1 1 1 0 1 1 1 0 2 0 2 0 0 0 0 0 0 0 0 0 0 0 0 0 0 0 0 0 0 0 0 0 0 0 0 0 0 0 0 1 0 2 0 0 0 0 0 0 0 0 0 0 0 1 0 2 0 0 0 0 0 0 0 0 0 0 0 1 0 2 0 0 0 0 0 0 0 0 0 0 0 0 0 0 0 0 0 0 0 0 0 0 0 0 1 0 2 0 0 0 0 0 0 0 0 0 0 0 0 0 0 0 0 0 0 0 1 0 2 0 0 0 0 0 0 0 0 0 1 0 2 0 0 0 0 0 0 0 0 1 0 2 0 0 0 0 0 0 0 0 1 0 2 0 0 0 0 1 0 2 0 0 0 0 0 0 0 0 1 0 2 0 0 0 0 0 0 0 0 1 0 2 0 0 0 0 0 0 0 0 1 0 2 0 0 0 0 0 0 0 0 1 0 2 0 0 0 0 1 0 2 0 0 0 0 0 0 1 0 2 0 0 0 0 0 0 0 0 1 0 2 0 0 0 0 1 0 2 0 0 0 0 0 0 0 0 0 0 0 0 0 0 1 0 2 0 0 0 0 1 0 2 0 0 0 0 0 0 0 0 1 0 2 0 0 0 0 1 0 2 0 0 0 0 0 0 0 0 0 0 0 1 0 2 0 0 0 0 0 1 0 2 0 0 0 0 0 1 0 2 0 0 0 0 0 1 0 2 0 0 0 1 3 
112:external/du-render/src/Layout_spec.lua
1 1 1 1 0 0 1 0 1 1 1 1 1 1 1 0 0 0 1 0 0 0 1 0 0 0 1 0 1 0 1 0 1 0 1 1 0 0 2 1 0 0 0 0 2 0 0 0 0 0 0 1 0 2 0 0 0 0 1 0 2 0 0 0 0 0 0 0 0 0 0 0 0 0 1 0 0 2 0 0 0 0 0 0 0 0 0 1 0 2 0 0 0 0 0 0 0 0 0 0 0 0 0 0 0 0 0 0 0 0 1 3 
289:external/du-render/src/Stream_spec.lua
1 0 1 0 1 1 0 1 1 0 1 0 0 0 0 0 0 0 0 0 0 0 0 0 0 0 0 0 0 1 0 1 1 0 1 0 0 0 0 0 0 0 0 0 0 0 0 0 0 1 0 2 1 0 2 0 0 0 0 0 0 0 0 0 0 0 0 0 0 0 0 0 0 0 0 0 0 0 0 0 1 0 2 0 0 0 0 0 0 0 0 0 0 0 0 0 0 0 0 0 0 0 0 0 0 0 0 0 1 0 2 0 0 0 0 0 0 0 0 0 0 0 0 0 0 0 0 0 0 0 0 0 0 0 0 0 0 0 0 0 0 0 0 0 0 0 0 1 0 2 0 0 0 0 0 0 0 0 0 0 0 0 0 0 0 0 0 0 0 0 0 0 0 0 0 0 0 0 0 0 0 0 0 0 0 0 0 0 0 0 0 0 1 0 2 0 0 0 0 0 0 0 0 0 0 0 0 0 0 0 0 0 0 0 0 0 0 0 0 0 0 0 0 0 0 0 0 0 0 0 0 0 0 0 0 0 0 0 0 0 0 0 0 0 0 0 0 0 0 0 0 0 0 0 0 1 0 2 0 0 0 0 0 0 0 0 0 0 0 0 0 0 0 0 0 0 0 0 0 0 0 0 0 0 0 0 0 1 3 
89:external/du-render/src/native/Color_spec.lua
1 0 2 2 0 0 0 0 0 1 0 2 0 0 0 0 0 0 0 0 1 0 2 0 0 1 0 2 0 0 1 0 2 0 0 0 0 0 0 0 1 0 2 0 0 0 0 0 0 0 1 0 2 0 0 0 0 0 0 0 1 0 2 0 0 0 0 0 1 0 2 0 0 0 1 0 2 0 0 0 0 0 1 0 2 0 0 1 3 
21:external/du-render/src/native/Props_spec.lua
1 1 1 0 2 2 0 0 0 0 0 0 0 0 0 0 0 0 1 0 3 
12:external/du-render/src/native/TextAlign_spec.lua
1 0 2 2 0 0 0 0 0 0 1 3 
95:external/du-render/src/native/Vec2_spec.lua
1 0 2 2 0 0 0 0 0 0 0 0 0 0 0 1 0 2 0 0 0 0 0 0 0 0 0 0 1 0 2 0 0 0 0 0 0 0 0 0 0 1 0 2 0 0 0 1 0 2 0 0 0 1 0 2 0 0 0 0 0 0 1 0 2 0 0 0 0 1 0 2 0 0 1 0 2 0 0 0 0 1 0 2 0 0 0 0 1 0 2 0 1 0 3 
13:src/CommonRequire.lua
1 1 1 1 1 1 1 1 1 1 0 0 1 
40:src/YFSConstants.lua
2 0 2 2 2 2 2 2 2 2 2 2 2 2 2 2 2 2 2 2 2 2 2 2 2 2 2 2 2 2 2 2 2 2 2 2 2 0 0 2 
41:src/flight/AdjustmentTracker.lua
1 1 0 0 0 0 0 0 1 1 0 0 1 1 1 1 0 0 0 1 6 6 0 6 1 0 0 0 1 0 0 1 0 1 0 1 0 1 1 0 1 
14:src/flight/AdjustmentTracker_spec.lua
1 1 0 1 0 2 1 1 1 1 1 1 1 3 
129:src/flight/AlignmentFunctions.lua
1 1 1 1 1 1 1 0 0 0 0 1 0 0 0 1 1 0 0 1 0 1 0 0 0 0 0 0 0 0 0 0 1 0 0 0 0 0 0 1 0 0 0 0 0 0 0 0 0 0 0 0 0 0 0 0 0 0 0 0 0 1 0 0 0 0 1 0 0 0 0 0 0 1 0 0 0 0 1 0 0 0 0 0 0 0 0 0 0 0 0 0 0 0 0 0 0 0 0 0 0 1 0 0 0 0 1 0 0 0 0 0 0 0 0 1 0 0 0 0 1 0 0 0 0 0 1 0 1 
190:src/flight/AxisControl.lua
1 1 1 1 1 1 1 1 1 1 1 1 1 1 1 0 1 1 0 1 1 0 0 1 1 1 1 1 0 1 1 1 1 0 0 0 0 0 0 0 0 0 0 0 0 1 1 0 0 0 0 0 1 0 0 0 0 0 0 0 0 0 0 0 0 0 0 0 0 0 0 0 0 0 0 0 0 0 0 0 0 0 0 0 0 0 0 0 0 0 0 0 0 0 0 0 0 0 0 0 0 0 0 0 0 0 0 0 0 0 0 0 0 0 0 0 0 0 0 0 0 0 0 0 0 0 0 0 0 0 0 0 0 0 0 0 0 0 0 0 0 0 0 0 0 0 0 0 0 0 0 0 0 0 0 0 0 0 0 0 0 0 0 0 0 0 0 0 0 0 0 0 0 0 0 0 0 0 0 0 0 0 0 0 0 0 0 1 0 1 
71:src/flight/AxisManager.lua
1 0 0 0 0 0 0 0 0 0 0 0 0 1 1 1 0 0 1 0 0 0 0 0 0 0 0 0 0 0 0 0 0 0 0 0 0 0 0 0 0 0 0 0 0 0 0 0 0 0 0 0 0 0 0 0 0 0 0 0 0 0 0 0 0 0 0 0 1 0 1 
280:src/flight/FlightCore.lua
1 1 1 1 1 1 1 1 1 1 1 1 1 1 1 1 1 1 0 0 0 0 0 0 0 0 0 0 0 0 0 0 0 0 1 1 1 0 1 1 0 0 0 0 0 1 2 2 2 2 2 0 0 2 0 2 0 2 4 2 2 0 2 1 0 0 2 1 0 0 0 0 0 1 0 0 0 0 0 0 0 0 0 0 0 0 0 0 0 0 0 0 0 0 0 0 0 0 0 0 0 0 0 0 0 0 0 0 0 0 0 0 0 0 0 0 0 0 0 0 0 0 0 0 0 0 0 0 0 0 0 0 0 0 0 0 0 0 0 0 0 0 0 0 0 0 0 0 0 0 0 0 0 0 0 0 0 0 0 0 0 0 0 0 0 0 0 0 0 0 0 0 0 0 0 0 0 0 0 0 0 0 0 0 0 0 0 0 0 0 0 0 0 0 0 0 0 0 0 0 0 0 0 0 0 0 0 0 0 0 0 0 0 0 0 0 0 0 0 0 0 0 0 0 0 0 0 0 0 0 0 0 0 0 0 0 0 0 0 0 0 0 0 0 0 0 0 0 0 0 0 0 0 0 0 0 0 0 0 0 0 0 0 0 0 0 0 0 0 0 0 0 0 0 0 0 1 0 0 1 
35:src/flight/FlightCore_spec.lua
1 1 0 1 1 1 1 1 0 2 2 1 1 1 1 1 1 0 1 1 1 1 1 1 2 0 2 1 1 1 0 1 1 2 3 
148:src/flight/Waypoint.lua
1 1 1 1 0 0 1 1 1 1 0 0 0 0 0 0 0 0 0 0 0 0 0 0 0 0 1 1 0 0 0 0 0 0 0 0 0 1 2 2 2 2 2 2 2 2 2 0 0 0 0 2 0 2 0 0 0 2 1 2 0 0 0 2 2 2 0 0 0 2 1 2 0 0 0 2 1 2 0 0 0 0 2 0 0 0 0 0 0 0 0 0 2 0 0 0 2 0 2 0 0 0 2 0 2 0 0 0 0 2 1 1 1 0 3 0 0 0 2 1 2 0 0 0 0 2 0 0 0 0 0 2 0 0 0 0 2 0 0 0 0 0 2 0 2 1 0 1 
91:src/flight/route/Point.lua
4 0 0 0 0 0 0 0 0 0 0 0 0 0 0 0 0 4 4 0 0 0 0 0 0 4 170 0 170 170 170 0 0 0 170 100 170 0 0 0 170 36 170 0 0 0 170 41 170 0 0 0 170 1 171 0 0 0 170 31 31 31 31 31 31 0 31 170 0 0 0 170 39 170 0 0 0 170 0 170 0 170 4 0 0 0 4 94 4 0 4 
49:src/flight/route/PointOptions.lua
0 0 0 0 0 0 4 4 0 0 0 0 4 146 146 0 0 0 146 13 159 0 0 0 0 146 15 146 0 0 146 31 146 0 146 4 0 0 4 0 4 0 4 0 4 0 4 0 4 
39:src/flight/route/Point_spec.lua
1 1 0 2 1 1 1 1 1 1 0 2 1 1 1 1 1 2 0 2 1 1 1 1 1 1 1 1 0 1 0 1 1 1 1 1 1 2 3 
203:src/flight/route/Route.lua
0 0 0 0 0 0 2 2 2 2 2 2 2 0 0 0 0 0 0 0 0 0 0 0 0 0 0 0 0 0 0 0 0 0 0 0 0 2 2 2 2 0 2 2 0 0 0 2 36 0 36 36 0 0 0 36 62 36 0 0 0 0 36 13 0 13 1 1 0 0 12 36 0 0 0 0 36 12 36 0 0 0 0 36 10 0 0 10 36 0 0 0 36 11 36 0 0 0 0 36 66 66 36 0 0 36 1 1 37 0 0 0 36 27 0 25 25 0 25 36 0 0 0 36 0 0 36 0 36 30 36 0 36 4 40 0 0 14 36 0 0 0 36 0 0 0 0 36 0 0 0 0 36 8 0 4 4 0 4 36 0 0 0 36 3 3 0 9 6 6 6 3 0 0 6 0 0 0 0 3 3 3 0 3 36 0 0 0 0 36 0 36 0 0 0 36 0 36 0 36 2 0 2 
531:src/flight/route/RouteController.lua
1 1 1 1 1 1 1 1 1 1 1 0 0 0 0 0 0 0 0 0 0 0 0 0 0 0 0 0 0 0 0 0 0 0 0 0 0 0 0 0 0 0 0 1 1 1 0 1 1 0 0 0 0 1 1 0 0 0 1 0 1 1 0 0 0 0 0 0 1 8 8 78 70 0 0 70 0 0 8 0 8 1 0 0 0 0 1 4 1 0 0 0 1 1 1 0 0 0 0 1 0 1 0 0 0 1 0 1 0 0 0 1 2 1 0 0 0 0 1 16 16 1 0 0 0 0 1 12 12 0 12 0 0 0 0 12 0 0 0 12 0 0 0 0 44 33 0 33 24 24 24 24 1 1 0 0 0 23 0 0 32 0 0 11 0 11 1 0 0 0 0 1 4 0 4 3 0 3 1 0 0 0 1 4 4 0 4 0 0 0 0 4 4 4 0 4 0 0 0 0 5 0 0 0 0 0 1 18 0 0 0 0 18 18 0 36 18 0 0 18 18 18 18 1 0 0 0 0 0 1 12 12 12 0 0 0 0 12 12 0 12 12 12 1 0 0 0 0 33 0 33 1 0 0 0 1 8 0 8 0 0 45 37 0 0 8 0 8 45 37 0 0 8 1 0 0 0 0 0 1 61 61 61 0 61 1 0 0 60 1 0 0 0 1 1 1 1 1 1 0 0 0 0 1 1 0 0 0 1 5 1 0 0 0 1 0 1 0 0 0 1 0 1 0 0 0 0 0 0 1 9 9 0 9 1 1 0 0 8 0 0 0 0 8 0 8 0 8 0 0 0 8 0 0 8 2 2 0 0 0 8 8 0 8 8 0 0 8 0 8 0 0 0 0 8 0 8 8 0 24 16 16 0 16 0 0 0 0 16 16 0 16 5 5 5 0 0 16 16 0 0 8 3 0 8 5 0 0 0 0 3 3 3 3 0 0 0 8 8 0 8 8 4 0 2 2 0 0 6 6 0 6 1 0 0 0 1 0 0 0 1 0 0 0 0 1 16 0 0 0 0 16 0 0 0 0 16 16 0 16 16 1 0 0 0 1 19 19 18 18 18 18 0 1 0 0 19 1 0 0 1 0 0 0 0 0 0 0 1 0 0 0 1 0 0 0 0 0 0 0 0 0 0 1 0 0 0 1 0 1 0 0 0 0 1 0 0 0 0 0 0 0 0 0 1 0 1 1 1 0 1 
268:src/flight/route/RouteController_spec.lua
1 1 1 1 1 1 1 1 0 0 1001 1000 0 2 0 2 1 1 0 1 0 1 0 1 1 0 1 1 0 1 1 1 0 2 1 0 0 2 1 1 1 1 1 1 1 1 2 0 2 1 1 1 1 1 1 0 1 0 1 1 1 1 1 1 2 0 2 1 1 1 1 1 2 0 2 1 2 0 2 1 1 0 1 1 1 0 1 0 1 1 1 0 1 1 1 1 1 0 0 1 1 1 0 1 1 1 1 1 0 0 1 1 1 0 0 1 1 1 1 0 0 1 1 1 0 1 1 1 1 1 0 1 2 0 2 1 1 0 1 1 1 0 1 0 1 0 1 1 1 0 1 1 1 1 1 0 0 1 1 1 0 1 1 1 1 1 0 0 1 1 1 1 1 0 0 1 1 1 1 0 0 1 1 1 0 1 1 1 1 1 0 1 2 0 2 1 1 1 1 1 2 0 2 5 4 0 1 0 12 11 11 0 0 1 1 0 1 1 1 1 1 1 1 0 1 1 1 1 1 1 1 0 1 1 1 0 0 1 1 2 0 2 1 1 1 0 1 1 1 0 1 0 1 4 3 0 0 1 1 1 1 0 1 1 0 1 2 3 
159:src/flight/route/Route_spec.lua
1 1 1 1 1 0 2 2 1 1 1 1 1 2 0 2 1 1 1 1 1 2 0 2 1 1 1 2 0 2 1 1 1 1 1 1 0 1 1 0 0 0 2 0 2 0 0 0 0 0 0 0 0 0 0 0 0 0 2 0 2 1 11 10 0 0 1 0 11 10 0 0 1 2 0 2 1 1 1 1 1 1 1 1 1 1 1 0 1 1 1 1 0 1 1 1 1 0 1 1 1 1 0 1 1 1 1 0 1 1 1 1 2 0 2 1 0 1 1 1 1 1 1 1 0 1 1 1 1 0 1 1 1 1 2 0 2 1 1 1 1 1 0 1 1 0 1 1 1 1 0 1 0 1 1 1 1 2 3 
83:src/flight/state/Hold.lua
0 0 1 1 1 0 0 0 0 0 0 0 0 0 0 0 1 1 0 1 0 0 0 0 1 0 0 0 0 0 0 0 0 0 0 0 0 0 0 0 0 0 0 0 0 0 0 0 0 0 0 0 0 0 0 0 0 0 0 0 0 0 0 0 0 0 0 0 0 0 0 0 0 0 0 0 0 0 0 0 1 0 1 
76:src/flight/state/Idle.lua
1 1 1 1 1 0 0 0 0 0 0 0 0 0 0 1 1 0 1 0 0 0 0 1 0 0 0 0 0 0 0 0 0 0 0 0 0 0 0 0 0 0 0 0 0 0 0 0 0 0 0 0 0 0 0 0 0 0 0 0 0 0 0 0 0 0 0 0 0 0 0 0 0 1 0 1 
8:src/flight/state/Require.lua
0 1 1 1 1 1 1 1 
64:src/flight/state/ReturnToPath.lua
1 1 0 0 0 0 0 0 0 0 0 1 1 1 0 0 0 0 0 1 0 0 0 0 0 0 0 0 0 0 0 0 0 0 0 0 0 0 0 0 0 0 0 0 0 0 0 0 0 0 0 0 0 0 0 0 0 0 0 0 0 1 0 1 
57:src/flight/state/Travel.lua
1 1 1 0 0 0 0 1 1 0 1 0 0 0 0 1 0 0 0 0 0 0 0 0 0 0 0 0 0 0 0 0 0 0 0 0 0 0 0 0 0 0 0 0 0 0 0 0 0 0 0 0 0 0 1 0 1 
